Connecting to database specified by database.yml
  [1m[36m (10.5ms)[0m  [1mSELECT "schema_migrations"."version" FROM "schema_migrations" [0m
  [1m[35m (0.2ms)[0m  select sqlite_version(*)
  [1m[36m (69.8ms)[0m  [1mCREATE TABLE "movies" ("id" INTEGER PRIMARY KEY AUTOINCREMENT NOT NULL, "title" varchar(255), "rating" varchar(255), "description" text, "release_date" datetime, "created_at" datetime, "updated_at" datetime) [0m
  [1m[35m (16.7ms)[0m  CREATE TABLE "schema_migrations" ("version" varchar(255) NOT NULL) 
  [1m[36m (15.1ms)[0m  [1mCREATE UNIQUE INDEX "unique_schema_migrations" ON "schema_migrations" ("version")[0m
  [1m[35m (0.1ms)[0m  SELECT version FROM "schema_migrations"
  [1m[36m (15.1ms)[0m  [1mINSERT INTO "schema_migrations" (version) VALUES ('20120130161449')[0m
  [1m[35m (14.2ms)[0m  INSERT INTO "schema_migrations" (version) VALUES ('20111119180638')
Connecting to database specified by database.yml
  [1m[36m (1.4ms)[0m  [1mSELECT "schema_migrations"."version" FROM "schema_migrations" [0m
  [1m[35m (0.2ms)[0m  select sqlite_version(*)
  [1m[36m (19.1ms)[0m  [1mCREATE TABLE "movies" ("id" INTEGER PRIMARY KEY AUTOINCREMENT NOT NULL, "title" varchar(255), "rating" varchar(255), "description" text, "release_date" datetime, "created_at" datetime, "updated_at" datetime) [0m
  [1m[35m (8.8ms)[0m  CREATE TABLE "schema_migrations" ("version" varchar(255) NOT NULL) 
  [1m[36m (6.9ms)[0m  [1mCREATE UNIQUE INDEX "unique_schema_migrations" ON "schema_migrations" ("version")[0m
  [1m[35m (0.1ms)[0m  SELECT version FROM "schema_migrations"
  [1m[36m (6.5ms)[0m  [1mINSERT INTO "schema_migrations" (version) VALUES ('20120130161449')[0m
  [1m[35m (5.9ms)[0m  INSERT INTO "schema_migrations" (version) VALUES ('20111119180638')


Started GET "/movies" for 127.0.0.1 at 2014-11-04 09:21:03 -0400
Connecting to database specified by database.yml
Processing by MoviesController#index as HTML
  [1m[36mMovie Load (0.3ms)[0m  [1mSELECT "movies".* FROM "movies" WHERE "movies"."rating" IN ('G', 'PG', 'PG-13', 'NC-17', 'R')[0m
  Rendered movies/index.html.haml within layouts/application (63.4ms)
Compiled application.css  (0ms)  (pid 2342)
Compiled jquery.js  (1ms)  (pid 2342)
Compiled jquery_ujs.js  (0ms)  (pid 2342)
Compiled application.js  (94ms)  (pid 2342)
Completed 200 OK in 442.1ms (Views: 300.2ms | ActiveRecord: 5.5ms)


Started GET "/assets/application.css?body=1" for 127.0.0.1 at 2014-11-04 09:21:05 -0400
Served asset /application.css - 200 OK (16ms)


Started GET "/assets/jquery_ujs.js?body=1" for 127.0.0.1 at 2014-11-04 09:21:05 -0400
Served asset /jquery_ujs.js - 200 OK (11ms)


Started GET "/assets/jquery.js?body=1" for 127.0.0.1 at 2014-11-04 09:21:05 -0400
Served asset /jquery.js - 200 OK (58ms)


Started GET "/assets/application.js?body=1" for 127.0.0.1 at 2014-11-04 09:21:05 -0400
Served asset /application.js - 200 OK (10ms)


Started GET "/movies" for 127.0.0.1 at 2014-11-04 09:23:54 -0400
Processing by MoviesController#index as HTML
  [1m[35mMovie Load (0.2ms)[0m  SELECT "movies".* FROM "movies" WHERE "movies"."rating" IN ('G', 'PG', 'PG-13', 'NC-17', 'R')
  Rendered movies/index.html.haml within layouts/application (17.9ms)
Completed 200 OK in 27.8ms (Views: 23.0ms | ActiveRecord: 0.2ms)


Started GET "/assets/application.css?body=1" for 127.0.0.1 at 2014-11-04 09:23:54 -0400
Served asset /application.css - 304 Not Modified (0ms)


Started GET "/assets/jquery.js?body=1" for 127.0.0.1 at 2014-11-04 09:23:54 -0400
Served asset /jquery.js - 304 Not Modified (1ms)


Started GET "/assets/application.js?body=1" for 127.0.0.1 at 2014-11-04 09:23:54 -0400
Served asset /application.js - 304 Not Modified (4ms)


Started GET "/assets/jquery_ujs.js?body=1" for 127.0.0.1 at 2014-11-04 09:23:54 -0400
Served asset /jquery_ujs.js - 304 Not Modified (0ms)


Started GET "/movies" for 127.0.0.1 at 2014-11-04 09:26:21 -0400
Processing by MoviesController#index as HTML
  [1m[36mMovie Load (0.3ms)[0m  [1mSELECT "movies".* FROM "movies" WHERE "movies"."rating" IN ('G', 'PG', 'PG-13', 'NC-17', 'R')[0m
  Rendered movies/index.html.haml within layouts/application (10.1ms)
Completed 200 OK in 16.8ms (Views: 13.8ms | ActiveRecord: 0.3ms)


Started GET "/assets/application.css?body=1" for 127.0.0.1 at 2014-11-04 09:26:21 -0400
Served asset /application.css - 304 Not Modified (0ms)


Started GET "/assets/jquery.js?body=1" for 127.0.0.1 at 2014-11-04 09:26:21 -0400
Served asset /jquery.js - 304 Not Modified (0ms)


Started GET "/assets/jquery_ujs.js?body=1" for 127.0.0.1 at 2014-11-04 09:26:21 -0400
Served asset /jquery_ujs.js - 304 Not Modified (0ms)


Started GET "/assets/application.js?body=1" for 127.0.0.1 at 2014-11-04 09:26:21 -0400
Served asset /application.js - 304 Not Modified (5ms)


Started GET "/movies/new" for 127.0.0.1 at 2014-11-04 09:26:29 -0400
Processing by MoviesController#new as HTML
  Rendered movies/new.html.haml within layouts/application (54.4ms)
Completed 200 OK in 80.4ms (Views: 79.8ms | ActiveRecord: 0.0ms)


Started GET "/assets/application.css?body=1" for 127.0.0.1 at 2014-11-04 09:26:29 -0400
Served asset /application.css - 304 Not Modified (2ms)


Started GET "/assets/application.js?body=1" for 127.0.0.1 at 2014-11-04 09:26:29 -0400
Served asset /application.js - 304 Not Modified (1ms)


Started GET "/assets/jquery_ujs.js?body=1" for 127.0.0.1 at 2014-11-04 09:26:29 -0400
Served asset /jquery_ujs.js - 304 Not Modified (6ms)


Started GET "/assets/jquery.js?body=1" for 127.0.0.1 at 2014-11-04 09:26:29 -0400
Served asset /jquery.js - 304 Not Modified (0ms)


Started GET "/movies" for 127.0.0.1 at 2014-11-04 09:43:02 -0400
Connecting to database specified by database.yml
Processing by MoviesController#index as HTML
  [1m[36mMovie Load (0.4ms)[0m  [1mSELECT "movies".* FROM "movies" WHERE "movies"."rating" IN ('G', 'PG', 'PG-13', 'NC-17', 'R')[0m
  Rendered movies/index.html.haml within layouts/application (41.8ms)
Completed 200 OK in 200.9ms (Views: 102.8ms | ActiveRecord: 3.4ms)


Started GET "/assets/application.css?body=1" for 127.0.0.1 at 2014-11-04 09:43:03 -0400
Served asset /application.css - 304 Not Modified (2ms)


Started GET "/assets/jquery.js?body=1" for 127.0.0.1 at 2014-11-04 09:43:03 -0400
Served asset /jquery.js - 304 Not Modified (2ms)


Started GET "/assets/application.js?body=1" for 127.0.0.1 at 2014-11-04 09:43:03 -0400
Served asset /application.js - 304 Not Modified (25ms)


Started GET "/assets/jquery_ujs.js?body=1" for 127.0.0.1 at 2014-11-04 09:43:03 -0400
Served asset /jquery_ujs.js - 304 Not Modified (6ms)
Connecting to database specified by database.yml
  [1m[36m (20.0ms)[0m  [1mSELECT "schema_migrations"."version" FROM "schema_migrations" [0m
  [1m[35m (1.7ms)[0m  select sqlite_version(*)
  [1m[36m (78.0ms)[0m  [1mCREATE TABLE "movies" ("id" INTEGER PRIMARY KEY AUTOINCREMENT NOT NULL, "title" varchar(255), "rating" varchar(255), "description" text, "release_date" datetime, "created_at" datetime, "updated_at" datetime) [0m
  [1m[35m (15.3ms)[0m  CREATE TABLE "schema_migrations" ("version" varchar(255) NOT NULL) 
  [1m[36m (15.0ms)[0m  [1mCREATE UNIQUE INDEX "unique_schema_migrations" ON "schema_migrations" ("version")[0m
  [1m[35m (0.2ms)[0m  SELECT version FROM "schema_migrations"
  [1m[36m (12.8ms)[0m  [1mINSERT INTO "schema_migrations" (version) VALUES ('20120130161449')[0m
  [1m[35m (17.0ms)[0m  INSERT INTO "schema_migrations" (version) VALUES ('20111119180638')
